# JRE version: 7.0_17-b02
# Java VM: Java HotSpot(TM) Client VM (23.7-b01 mixed mode, sharing windows-x86 )
Heap
 def new generation   total 4992K, used 308K [0x24730000, 0x24c90000, 0x29c80000)
  eden space 4480K,   2% used [0x24730000, 0x2474d200, 0x24b90000)
  from space 512K,  37% used [0x24b90000, 0x24bbff28, 0x24c10000)
  to   space 512K,   0% used [0x24c10000, 0x24c10000, 0x24c90000)
 tenured generation   total 17020K, used 11875K [0x29c80000, 0x2ad1f000, 0x34730000)
   the space 17020K,  69% used [0x29c80000, 0x2a818e90, 0x2a819000, 0x2ad1f000)
 compacting perm gen  total 12288K, used 3343K [0x34730000, 0x35330000, 0x38730000)
   the space 12288K,  27% used [0x34730000, 0x34a73db8, 0x34a73e00, 0x35330000)
    ro space 10240K,  45% used [0x38730000, 0x38bb73d8, 0x38bb7400, 0x39130000)
    rw space 12288K,  54% used [0x39130000, 0x397bacc8, 0x397bae00, 0x39d30000)
GC Heap History (10 events):
Event: 14.434 GC heap before
{Heap before GC invocations=3 (full 0):
 def new generation   total 4928K, used 4550K [0x24730000, 0x24c80000, 0x29c80000)
  eden space 4416K, 100% used [0x24730000, 0x24b80000, 0x24b80000)
  from space 512K,  26% used [0x24c00000, 0x24c21998, 0x24c80000)
  to   space 512K,   0% used [0x24b80000, 0x24b80000, 0x24c00000)
 tenured generation   total 10944K, used 8430K [0x29c80000, 0x2a730000, 0x34730000)
   the space 10944K,  77% used [0x29c80000, 0x2a4bb9c0, 0x2a4bba00, 0x2a730000)
 compacting perm gen  total 12288K, used 2419K [0x34730000, 0x35330000, 0x38730000)
   the space 12288K,  19% used [0x34730000, 0x3498ccc0, 0x3498ce00, 0x35330000)
    ro space 10240K,  45% used [0x38730000, 0x38bb73d8, 0x38bb7400, 0x39130000)
    rw space 12288K,  54% used [0x39130000, 0x397bacc8, 0x397bae00, 0x39d30000)
Event: 14.436 GC heap after
Heap after GC invocations=4 (full 0):
 def new generation   total 4928K, used 512K [0x24730000, 0x24c80000, 0x29c80000)
  eden space 4416K,   0% used [0x24730000, 0x24730000, 0x24b80000)
  from space 512K, 100% used [0x24b80000, 0x24c00000, 0x24c00000)
  to   space 512K,   0% used [0x24c00000, 0x24c00000, 0x24c80000)
 tenured generation   total 10944K, used 8920K [0x29c80000, 0x2a730000, 0x34730000)
   the space 10944K,  81% used [0x29c80000, 0x2a5363e0, 0x2a536400, 0x2a730000)
 compacting perm gen  total 12288K, used 2419K [0x34730000, 0x35330000, 0x38730000)
   the space 12288K,  19% used [0x34730000, 0x3498ccc0, 0x3498ce00, 0x35330000)
    ro space 10240K,  45% used [0x38730000, 0x38bb73d8, 0x38bb7400, 0x39130000)
    rw space 12288K,  54% used [0x39130000, 0x397bacc8, 0x397bae00, 0x39d30000)
}
Event: 14.552 GC heap before
{Heap before GC invocations=4 (full 0):
 def new generation   total 4928K, used 4890K [0x24730000, 0x24c80000, 0x29c80000)
  eden space 4416K,  99% used [0x24730000, 0x24b76998, 0x24b80000)
  from space 512K, 100% used [0x24b80000, 0x24c00000, 0x24c00000)
  to   space 512K,   0% used [0x24c00000, 0x24c00000, 0x24c80000)
 tenured generation   total 10944K, used 8920K [0x29c80000, 0x2a730000, 0x34730000)
   the space 10944K,  81% used [0x29c80000, 0x2a5363e0, 0x2a536400, 0x2a730000)
 compacting perm gen  total 12288K, used 2881K [0x34730000, 0x35330000, 0x38730000)
   the space 12288K,  23% used [0x34730000, 0x34a00550, 0x34a00600, 0x35330000)
    ro space 10240K,  45% used [0x38730000, 0x38bb73d8, 0x38bb7400, 0x39130000)
    rw space 12288K,  54% used [0x39130000, 0x397bacc8, 0x397bae00, 0x39d30000)
Event: 14.555 GC heap after
Heap after GC invocations=5 (full 0):
 def new generation   total 4928K, used 511K [0x24730000, 0x24c80000, 0x29c80000)
  eden space 4416K,   0% used [0x24730000, 0x24730000, 0x24b80000)
  from space 512K,  99% used [0x24c00000, 0x24c7fff8, 0x24c80000)
  to   space 512K,   0% used [0x24b80000, 0x24b80000, 0x24c00000)
 tenured generation   total 10944K, used 9571K [0x29c80000, 0x2a730000, 0x34730000)
   the space 10944K,  87% used [0x29c80000, 0x2a5d8c30, 0x2a5d8e00, 0x2a730000)
 compacting perm gen  total 12288K, used 2881K [0x34730000, 0x35330000, 0x38730000)
   the space 12288K,  23% used [0x34730000, 0x34a00550, 0x34a00600, 0x35330000)
    ro space 10240K,  45% used [0x38730000, 0x38bb73d8, 0x38bb7400, 0x39130000)
    rw space 12288K,  54% used [0x39130000, 0x397bacc8, 0x397bae00, 0x39d30000)
}
Event: 41.917 GC heap before
{Heap before GC invocations=5 (full 0):
 def new generation   total 4928K, used 4868K [0x24730000, 0x24c80000, 0x29c80000)
  eden space 4416K,  98% used [0x24730000, 0x24b711c8, 0x24b80000)
  from space 512K,  99% used [0x24c00000, 0x24c7fff8, 0x24c80000)
  to   space 512K,   0% used [0x24b80000, 0x24b80000, 0x24c00000)
 tenured generation   total 10944K, used 9571K [0x29c80000, 0x2a730000, 0x34730000)
   the space 10944K,  87% used [0x29c80000, 0x2a5d8c30, 0x2a5d8e00, 0x2a730000)
 compacting perm gen  total 12288K, used 3323K [0x34730000, 0x35330000, 0x38730000)
   the space 12288K,  27% used [0x34730000, 0x34a6ee90, 0x34a6f000, 0x35330000)
    ro space 10240K,  45% used [0x38730000, 0x38bb73d8, 0x38bb7400, 0x39130000)
    rw space 12288K,  54% used [0x39130000, 0x397bacc8, 0x397bae00, 0x39d30000)
Event: 41.946 GC heap after
Heap after GC invocations=6 (full 1):
 def new generation   total 4992K, used 0K [0x24730000, 0x24c90000, 0x29c80000)
  eden space 4480K,   0% used [0x24730000, 0x24730000, 0x24b90000)
  from space 512K,   0% used [0x24b90000, 0x24b90000, 0x24c10000)
  to   space 512K,   0% used [0x24c10000, 0x24c10000, 0x24c90000)
 tenured generation   total 10944K, used 5800K [0x29c80000, 0x2a730000, 0x34730000)
   the space 10944K,  53% used [0x29c80000, 0x2a22a280, 0x2a22a400, 0x2a730000)
 compacting perm gen  total 12288K, used 3323K [0x34730000, 0x35330000, 0x38730000)
   the space 12288K,  27% used [0x34730000, 0x34a6ee90, 0x34a6f000, 0x35330000)
    ro space 10240K,  45% used [0x38730000, 0x38bb73d8, 0x38bb7400, 0x39130000)
    rw space 12288K,  54% used [0x39130000, 0x397bacc8, 0x397bae00, 0x39d30000)
}
Event: 41.983 GC heap before
{Heap before GC invocations=6 (full 1):
 def new generation   total 4992K, used 4480K [0x24730000, 0x24c90000, 0x29c80000)
  eden space 4480K, 100% used [0x24730000, 0x24b90000, 0x24b90000)
  from space 512K,   0% used [0x24b90000, 0x24b90000, 0x24c10000)
  to   space 512K,   0% used [0x24c10000, 0x24c10000, 0x24c90000)
 tenured generation   total 17020K, used 11875K [0x29c80000, 0x2ad1f000, 0x34730000)
   the space 17020K,  69% used [0x29c80000, 0x2a818e90, 0x2a819000, 0x2ad1f000)
 compacting perm gen  total 12288K, used 3323K [0x34730000, 0x35330000, 0x38730000)
   the space 12288K,  27% used [0x34730000, 0x34a6ee90, 0x34a6f000, 0x35330000)
    ro space 10240K,  45% used [0x38730000, 0x38bb73d8, 0x38bb7400, 0x39130000)
    rw space 12288K,  54% used [0x39130000, 0x397bacc8, 0x397bae00, 0x39d30000)
Event: 41.984 GC heap after
Heap after GC invocations=7 (full 1):
 def new generation   total 4992K, used 6K [0x24730000, 0x24c90000, 0x29c80000)
  eden space 4480K,   0% used [0x24730000, 0x24730000, 0x24b90000)
  from space 512K,   1% used [0x24c10000, 0x24c119b8, 0x24c90000)
  to   space 512K,   0% used [0x24b90000, 0x24b90000, 0x24c10000)
 tenured generation   total 17020K, used 11875K [0x29c80000, 0x2ad1f000, 0x34730000)
   the space 17020K,  69% used [0x29c80000, 0x2a818e90, 0x2a819000, 0x2ad1f000)
 compacting perm gen  total 12288K, used 3323K [0x34730000, 0x35330000, 0x38730000)
   the space 12288K,  27% used [0x34730000, 0x34a6ee90, 0x34a6f000, 0x35330000)
    ro space 10240K,  45% used [0x38730000, 0x38bb73d8, 0x38bb7400, 0x39130000)
    rw space 12288K,  54% used [0x39130000, 0x397bacc8, 0x397bae00, 0x39d30000)
}
Event: 68.030 GC heap before
{Heap before GC invocations=7 (full 1):
 def new generation   total 4992K, used 4470K [0x24730000, 0x24c90000, 0x29c80000)
  eden space 4480K,  99% used [0x24730000, 0x24b8bfa8, 0x24b90000)
  from space 512K,   1% used [0x24c10000, 0x24c119b8, 0x24c90000)
  to   space 512K,   0% used [0x24b90000, 0x24b90000, 0x24c10000)
 tenured generation   total 17020K, used 11875K [0x29c80000, 0x2ad1f000, 0x34730000)
   the space 17020K,  69% used [0x29c80000, 0x2a818e90, 0x2a819000, 0x2ad1f000)
 compacting perm gen  total 12288K, used 3343K [0x34730000, 0x35330000, 0x38730000)
   the space 12288K,  27% used [0x34730000, 0x34a73db8, 0x34a73e00, 0x35330000)
    ro space 10240K,  45% used [0x38730000, 0x38bb73d8, 0x38bb7400, 0x39130000)
    rw space 12288K,  54% used [0x39130000, 0x397bacc8, 0x397bae00, 0x39d30000)
Event: 68.031 GC heap after
Heap after GC invocations=8 (full 1):
 def new generation   total 4992K, used 191K [0x24730000, 0x24c90000, 0x29c80000)
  eden space 4480K,   0% used [0x24730000, 0x24730000, 0x24b90000)
  from space 512K,  37% used [0x24b90000, 0x24bbff28, 0x24c10000)
  to   space 512K,   0% used [0x24c10000, 0x24c10000, 0x24c90000)
 tenured generation   total 17020K, used 11875K [0x29c80000, 0x2ad1f000, 0x34730000)
   the space 17020K,  69% used [0x29c80000, 0x2a818e90, 0x2a819000, 0x2ad1f000)
 compacting perm gen  total 12288K, used 3343K [0x34730000, 0x35330000, 0x38730000)
   the space 12288K,  27% used [0x34730000, 0x34a73db8, 0x34a73e00, 0x35330000)
    ro space 10240K,  45% used [0x38730000, 0x38bb73d8, 0x38bb7400, 0x39130000)
    rw space 12288K,  54% used [0x39130000, 0x397bacc8, 0x397bae00, 0x39d30000)
}

