# JRE version: 7.0_17-b02
# Java VM: Java HotSpot(TM) Client VM (23.7-b01 mixed mode, sharing windows-x86 )
Heap
 def new generation   total 4928K, used 1983K [0x24730000, 0x24c80000, 0x29c80000)
  eden space 4416K,  33% used [0x24730000, 0x2489fd38, 0x24b80000)
  from space 512K, 100% used [0x24b80000, 0x24c00000, 0x24c00000)
  to   space 512K,   0% used [0x24c00000, 0x24c00000, 0x24c80000)
 tenured generation   total 10944K, used 1404K [0x29c80000, 0x2a730000, 0x34730000)
   the space 10944K,  12% used [0x29c80000, 0x29ddf238, 0x29ddf400, 0x2a730000)
 compacting perm gen  total 12288K, used 1950K [0x34730000, 0x35330000, 0x38730000)
   the space 12288K,  15% used [0x34730000, 0x34917988, 0x34917a00, 0x35330000)
    ro space 10240K,  45% used [0x38730000, 0x38bb73d8, 0x38bb7400, 0x39130000)
    rw space 12288K,  54% used [0x39130000, 0x397bacc8, 0x397bae00, 0x39d30000)
GC Heap History (4 events):
Event: 0.164 GC heap before
{Heap before GC invocations=0 (full 0):
 def new generation   total 4928K, used 4416K [0x24730000, 0x24c80000, 0x29c80000)
  eden space 4416K, 100% used [0x24730000, 0x24b80000, 0x24b80000)
  from space 512K,   0% used [0x24b80000, 0x24b80000, 0x24c00000)
  to   space 512K,   0% used [0x24c00000, 0x24c00000, 0x24c80000)
 tenured generation   total 10944K, used 0K [0x29c80000, 0x2a730000, 0x34730000)
   the space 10944K,   0% used [0x29c80000, 0x29c80000, 0x29c80200, 0x2a730000)
 compacting perm gen  total 12288K, used 1188K [0x34730000, 0x35330000, 0x38730000)
   the space 12288K,   9% used [0x34730000, 0x34859080, 0x34859200, 0x35330000)
    ro space 10240K,  45% used [0x38730000, 0x38bb73d8, 0x38bb7400, 0x39130000)
    rw space 12288K,  54% used [0x39130000, 0x397bacc8, 0x397bae00, 0x39d30000)
Event: 0.168 GC heap after
Heap after GC invocations=1 (full 0):
 def new generation   total 4928K, used 512K [0x24730000, 0x24c80000, 0x29c80000)
  eden space 4416K,   0% used [0x24730000, 0x24730000, 0x24b80000)
  from space 512K, 100% used [0x24c00000, 0x24c80000, 0x24c80000)
  to   space 512K,   0% used [0x24b80000, 0x24b80000, 0x24c00000)
 tenured generation   total 10944K, used 751K [0x29c80000, 0x2a730000, 0x34730000)
   the space 10944K,   6% used [0x29c80000, 0x29d3bc30, 0x29d3be00, 0x2a730000)
 compacting perm gen  total 12288K, used 1188K [0x34730000, 0x35330000, 0x38730000)
   the space 12288K,   9% used [0x34730000, 0x34859080, 0x34859200, 0x35330000)
    ro space 10240K,  45% used [0x38730000, 0x38bb73d8, 0x38bb7400, 0x39130000)
    rw space 12288K,  54% used [0x39130000, 0x397bacc8, 0x397bae00, 0x39d30000)
}
Event: 0.302 GC heap before
{Heap before GC invocations=1 (full 0):
 def new generation   total 4928K, used 4905K [0x24730000, 0x24c80000, 0x29c80000)
  eden space 4416K,  99% used [0x24730000, 0x24b7a408, 0x24b80000)
  from space 512K, 100% used [0x24c00000, 0x24c80000, 0x24c80000)
  to   space 512K,   0% used [0x24b80000, 0x24b80000, 0x24c00000)
 tenured generation   total 10944K, used 751K [0x29c80000, 0x2a730000, 0x34730000)
   the space 10944K,   6% used [0x29c80000, 0x29d3bc30, 0x29d3be00, 0x2a730000)
 compacting perm gen  total 12288K, used 1708K [0x34730000, 0x35330000, 0x38730000)
   the space 12288K,  13% used [0x34730000, 0x348db0d0, 0x348db200, 0x35330000)
    ro space 10240K,  45% used [0x38730000, 0x38bb73d8, 0x38bb7400, 0x39130000)
    rw space 12288K,  54% used [0x39130000, 0x397bacc8, 0x397bae00, 0x39d30000)
Event: 0.305 GC heap after
Heap after GC invocations=2 (full 0):
 def new generation   total 4928K, used 512K [0x24730000, 0x24c80000, 0x29c80000)
  eden space 4416K,   0% used [0x24730000, 0x24730000, 0x24b80000)
  from space 512K, 100% used [0x24b80000, 0x24c00000, 0x24c00000)
  to   space 512K,   0% used [0x24c00000, 0x24c00000, 0x24c80000)
 tenured generation   total 10944K, used 1404K [0x29c80000, 0x2a730000, 0x34730000)
   the space 10944K,  12% used [0x29c80000, 0x29ddf238, 0x29ddf400, 0x2a730000)
 compacting perm gen  total 12288K, used 1708K [0x34730000, 0x35330000, 0x38730000)
   the space 12288K,  13% used [0x34730000, 0x348db0d0, 0x348db200, 0x35330000)
    ro space 10240K,  45% used [0x38730000, 0x38bb73d8, 0x38bb7400, 0x39130000)
    rw space 12288K,  54% used [0x39130000, 0x397bacc8, 0x397bae00, 0x39d30000)
}

